{"numFailedTestSuites":4,"numFailedTests":11,"numPassedTestSuites":19,"numPassedTests":97,"numPendingTestSuites":0,"numPendingTests":0,"numRuntimeErrorTestSuites":0,"numTodoTests":0,"numTotalTestSuites":23,"numTotalTests":108,"openHandles":[],"snapshot":{"added":0,"didUpdate":false,"failure":false,"filesAdded":0,"filesRemoved":0,"filesRemovedList":[],"filesUnmatched":0,"filesUpdated":0,"matched":0,"total":0,"unchecked":0,"uncheckedKeysByFile":[],"unmatched":0,"updated":0},"startTime":1770578842157,"success":false,"testResults":[{"assertionResults":[{"ancestorTitles":["VPNConfigController","GET /config/vpn"],"duration":11,"failing":false,"failureDetails":[{"type":"OptionalSessionGuard","context":{"index":0,"dependencies":[null,null]},"metadata":{"id":"93f3b6b53a322035e58fc"},"moduleRef":{"id":"04bdbb17480bb93f3b6b5"}}],"failureMessages":["Error: Nest can't resolve dependencies of the OptionalSessionGuard (?, PrismaService). Please make sure that the argument ConfigService at index [0] is available in the RootTestModule context.\n\nPotential solutions:\n- Is RootTestModule a valid NestJS module?\n- If ConfigService is a provider, is it part of the current RootTestModule?\n- If ConfigService is exported from a separate @Module, is that module imported within RootTestModule?\n  @Module({\n    imports: [ /* the Module containing ConfigService */ ]\n  })\n\nFor more common dependency resolution issues, see: https://docs.nestjs.com/faq/common-errors\n    at TestingInjector.lookupComponentInParentModules (/Users/deimos/Workspace/keenvpn/vpn-backend-service-v2/node_modules/@nestjs/core/injector/injector.js:290:19)\n    at processTicksAndRejections (node:internal/process/task_queues:105:5)\n    at TestingInjector.resolveComponentWrapper (/Users/deimos/Workspace/keenvpn/vpn-backend-service-v2/node_modules/@nestjs/testing/testing-injector.js:19:45)\n    at resolveParam (/Users/deimos/Workspace/keenvpn/vpn-backend-service-v2/node_modules/@nestjs/core/injector/injector.js:140:38)\n    at async Promise.all (index 0)\n    at TestingInjector.resolveConstructorParams (/Users/deimos/Workspace/keenvpn/vpn-backend-service-v2/node_modules/@nestjs/core/injector/injector.js:169:27)\n    at TestingInjector.loadInstance (/Users/deimos/Workspace/keenvpn/vpn-backend-service-v2/node_modules/@nestjs/core/injector/injector.js:75:13)\n    at TestingInjector.loadInjectable (/Users/deimos/Workspace/keenvpn/vpn-backend-service-v2/node_modules/@nestjs/core/injector/injector.js:99:9)\n    at /Users/deimos/Workspace/keenvpn/vpn-backend-service-v2/node_modules/@nestjs/core/injector/instance-loader.js:80:13\n    at async Promise.all (index 0)\n    at TestingInstanceLoader.createInstancesOfInjectables (/Users/deimos/Workspace/keenvpn/vpn-backend-service-v2/node_modules/@nestjs/core/injector/instance-loader.js:79:9)\n    at /Users/deimos/Workspace/keenvpn/vpn-backend-service-v2/node_modules/@nestjs/core/injector/instance-loader.js:41:13\n    at async Promise.all (index 1)\n    at TestingInstanceLoader.createInstances (/Users/deimos/Workspace/keenvpn/vpn-backend-service-v2/node_modules/@nestjs/core/injector/instance-loader.js:39:9)\n    at TestingInstanceLoader.createInstancesOfDependencies (/Users/deimos/Workspace/keenvpn/vpn-backend-service-v2/node_modules/@nestjs/core/injector/instance-loader.js:22:13)\n    at TestingInstanceLoader.createInstancesOfDependencies (/Users/deimos/Workspace/keenvpn/vpn-backend-service-v2/node_modules/@nestjs/testing/testing-instance-loader.js:9:9)\n    at TestingModuleBuilder.createInstancesOfDependencies (/Users/deimos/Workspace/keenvpn/vpn-backend-service-v2/node_modules/@nestjs/testing/testing-module.builder.js:118:9)\n    at TestingModuleBuilder.compile (/Users/deimos/Workspace/keenvpn/vpn-backend-service-v2/node_modules/@nestjs/testing/testing-module.builder.js:74:9)\n    at Object.<anonymous> (/Users/deimos/Workspace/keenvpn/vpn-backend-service-v2/test/unit/config/vpn-config.controller.spec.ts:14:35)"],"fullName":"VPNConfigController GET /config/vpn should return VPN config","invocations":1,"location":null,"numPassingAsserts":0,"retryReasons":[],"startAt":1770578845056,"status":"failed","title":"should return VPN config"},{"ancestorTitles":["VPNConfigController","GET /config/vpn"],"duration":2,"failing":false,"failureDetails":[{"type":"OptionalSessionGuard","context":{"index":0,"dependencies":[null,null]},"metadata":{"id":"6e2d9f653301ee4e50eda"},"moduleRef":{"id":"22035e58fc2636e2d9f65"}}],"failureMessages":["Error: Nest can't resolve dependencies of the OptionalSessionGuard (?, PrismaService). Please make sure that the argument ConfigService at index [0] is available in the RootTestModule context.\n\nPotential solutions:\n- Is RootTestModule a valid NestJS module?\n- If ConfigService is a provider, is it part of the current RootTestModule?\n- If ConfigService is exported from a separate @Module, is that module imported within RootTestModule?\n  @Module({\n    imports: [ /* the Module containing ConfigService */ ]\n  })\n\nFor more common dependency resolution issues, see: https://docs.nestjs.com/faq/common-errors\n    at TestingInjector.lookupComponentInParentModules (/Users/deimos/Workspace/keenvpn/vpn-backend-service-v2/node_modules/@nestjs/core/injector/injector.js:290:19)\n    at processTicksAndRejections (node:internal/process/task_queues:105:5)\n    at TestingInjector.resolveComponentWrapper (/Users/deimos/Workspace/keenvpn/vpn-backend-service-v2/node_modules/@nestjs/testing/testing-injector.js:19:45)\n    at resolveParam (/Users/deimos/Workspace/keenvpn/vpn-backend-service-v2/node_modules/@nestjs/core/injector/injector.js:140:38)\n    at async Promise.all (index 0)\n    at TestingInjector.resolveConstructorParams (/Users/deimos/Workspace/keenvpn/vpn-backend-service-v2/node_modules/@nestjs/core/injector/injector.js:169:27)\n    at TestingInjector.loadInstance (/Users/deimos/Workspace/keenvpn/vpn-backend-service-v2/node_modules/@nestjs/core/injector/injector.js:75:13)\n    at TestingInjector.loadInjectable (/Users/deimos/Workspace/keenvpn/vpn-backend-service-v2/node_modules/@nestjs/core/injector/injector.js:99:9)\n    at /Users/deimos/Workspace/keenvpn/vpn-backend-service-v2/node_modules/@nestjs/core/injector/instance-loader.js:80:13\n    at async Promise.all (index 0)\n    at TestingInstanceLoader.createInstancesOfInjectables (/Users/deimos/Workspace/keenvpn/vpn-backend-service-v2/node_modules/@nestjs/core/injector/instance-loader.js:79:9)\n    at /Users/deimos/Workspace/keenvpn/vpn-backend-service-v2/node_modules/@nestjs/core/injector/instance-loader.js:41:13\n    at async Promise.all (index 1)\n    at TestingInstanceLoader.createInstances (/Users/deimos/Workspace/keenvpn/vpn-backend-service-v2/node_modules/@nestjs/core/injector/instance-loader.js:39:9)\n    at TestingInstanceLoader.createInstancesOfDependencies (/Users/deimos/Workspace/keenvpn/vpn-backend-service-v2/node_modules/@nestjs/core/injector/instance-loader.js:22:13)\n    at TestingInstanceLoader.createInstancesOfDependencies (/Users/deimos/Workspace/keenvpn/vpn-backend-service-v2/node_modules/@nestjs/testing/testing-instance-loader.js:9:9)\n    at TestingModuleBuilder.createInstancesOfDependencies (/Users/deimos/Workspace/keenvpn/vpn-backend-service-v2/node_modules/@nestjs/testing/testing-module.builder.js:118:9)\n    at TestingModuleBuilder.compile (/Users/deimos/Workspace/keenvpn/vpn-backend-service-v2/node_modules/@nestjs/testing/testing-module.builder.js:74:9)\n    at Object.<anonymous> (/Users/deimos/Workspace/keenvpn/vpn-backend-service-v2/test/unit/config/vpn-config.controller.spec.ts:14:35)"],"fullName":"VPNConfigController GET /config/vpn should return 304 Not Modified when etag matches","invocations":1,"location":null,"numPassingAsserts":0,"retryReasons":[],"startAt":1770578845106,"status":"failed","title":"should return 304 Not Modified when etag matches"},{"ancestorTitles":["VPNConfigController","GET /config/vpn"],"duration":1,"failing":false,"failureDetails":[{"type":"OptionalSessionGuard","context":{"index":0,"dependencies":[null,null]},"metadata":{"id":"08bbdde715a4f63672b05"},"moduleRef":{"id":"1ee4e50eda52608bbdde7"}}],"failureMessages":["Error: Nest can't resolve dependencies of the OptionalSessionGuard (?, PrismaService). Please make sure that the argument ConfigService at index [0] is available in the RootTestModule context.\n\nPotential solutions:\n- Is RootTestModule a valid NestJS module?\n- If ConfigService is a provider, is it part of the current RootTestModule?\n- If ConfigService is exported from a separate @Module, is that module imported within RootTestModule?\n  @Module({\n    imports: [ /* the Module containing ConfigService */ ]\n  })\n\nFor more common dependency resolution issues, see: https://docs.nestjs.com/faq/common-errors\n    at TestingInjector.lookupComponentInParentModules (/Users/deimos/Workspace/keenvpn/vpn-backend-service-v2/node_modules/@nestjs/core/injector/injector.js:290:19)\n    at processTicksAndRejections (node:internal/process/task_queues:105:5)\n    at TestingInjector.resolveComponentWrapper (/Users/deimos/Workspace/keenvpn/vpn-backend-service-v2/node_modules/@nestjs/testing/testing-injector.js:19:45)\n    at resolveParam (/Users/deimos/Workspace/keenvpn/vpn-backend-service-v2/node_modules/@nestjs/core/injector/injector.js:140:38)\n    at async Promise.all (index 0)\n    at TestingInjector.resolveConstructorParams (/Users/deimos/Workspace/keenvpn/vpn-backend-service-v2/node_modules/@nestjs/core/injector/injector.js:169:27)\n    at TestingInjector.loadInstance (/Users/deimos/Workspace/keenvpn/vpn-backend-service-v2/node_modules/@nestjs/core/injector/injector.js:75:13)\n    at TestingInjector.loadInjectable (/Users/deimos/Workspace/keenvpn/vpn-backend-service-v2/node_modules/@nestjs/core/injector/injector.js:99:9)\n    at /Users/deimos/Workspace/keenvpn/vpn-backend-service-v2/node_modules/@nestjs/core/injector/instance-loader.js:80:13\n    at async Promise.all (index 0)\n    at TestingInstanceLoader.createInstancesOfInjectables (/Users/deimos/Workspace/keenvpn/vpn-backend-service-v2/node_modules/@nestjs/core/injector/instance-loader.js:79:9)\n    at /Users/deimos/Workspace/keenvpn/vpn-backend-service-v2/node_modules/@nestjs/core/injector/instance-loader.js:41:13\n    at async Promise.all (index 1)\n    at TestingInstanceLoader.createInstances (/Users/deimos/Workspace/keenvpn/vpn-backend-service-v2/node_modules/@nestjs/core/injector/instance-loader.js:39:9)\n    at TestingInstanceLoader.createInstancesOfDependencies (/Users/deimos/Workspace/keenvpn/vpn-backend-service-v2/node_modules/@nestjs/core/injector/instance-loader.js:22:13)\n    at TestingInstanceLoader.createInstancesOfDependencies (/Users/deimos/Workspace/keenvpn/vpn-backend-service-v2/node_modules/@nestjs/testing/testing-instance-loader.js:9:9)\n    at TestingModuleBuilder.createInstancesOfDependencies (/Users/deimos/Workspace/keenvpn/vpn-backend-service-v2/node_modules/@nestjs/testing/testing-module.builder.js:118:9)\n    at TestingModuleBuilder.compile (/Users/deimos/Workspace/keenvpn/vpn-backend-service-v2/node_modules/@nestjs/testing/testing-module.builder.js:74:9)\n    at Object.<anonymous> (/Users/deimos/Workspace/keenvpn/vpn-backend-service-v2/test/unit/config/vpn-config.controller.spec.ts:14:35)"],"fullName":"VPNConfigController GET /config/vpn should return 500 if config is not available","invocations":1,"location":null,"numPassingAsserts":0,"retryReasons":[],"startAt":1770578845108,"status":"failed","title":"should return 500 if config is not available"}],"endTime":1770578845238,"message":"  ● VPNConfigController › GET /config/vpn › should return VPN config\n\n    Nest can't resolve dependencies of the OptionalSessionGuard (?, PrismaService). Please make sure that the argument ConfigService at index [0] is available in the RootTestModule context.\n\n    Potential solutions:\n    - Is RootTestModule a valid NestJS module?\n    - If ConfigService is a provider, is it part of the current RootTestModule?\n    - If ConfigService is exported from a separate @Module, is that module imported within RootTestModule?\n      @Module({\n        imports: [ /* the Module containing ConfigService */ ]\n      })\n\n    For more common dependency resolution issues, see: https://docs.nestjs.com/faq/common-errors\n\n      12 |     };\n      13 |\n    > 14 |     const module: TestingModule = await Test.createTestingModule({\n         |                                   ^\n      15 |       controllers: [VPNConfigController],\n      16 |       providers: [\n      17 |         {\n\n      at TestingInjector.lookupComponentInParentModules (../node_modules/@nestjs/core/injector/injector.js:290:19)\n      at TestingInjector.resolveComponentWrapper (../node_modules/@nestjs/testing/testing-injector.js:19:45)\n      at resolveParam (../node_modules/@nestjs/core/injector/injector.js:140:38)\n          at async Promise.all (index 0)\n      at TestingInjector.resolveConstructorParams (../node_modules/@nestjs/core/injector/injector.js:169:27)\n      at TestingInjector.loadInstance (../node_modules/@nestjs/core/injector/injector.js:75:13)\n      at TestingInjector.loadInjectable (../node_modules/@nestjs/core/injector/injector.js:99:9)\n      at ../node_modules/@nestjs/core/injector/instance-loader.js:80:13\n          at async Promise.all (index 0)\n      at TestingInstanceLoader.createInstancesOfInjectables (../node_modules/@nestjs/core/injector/instance-loader.js:79:9)\n      at ../node_modules/@nestjs/core/injector/instance-loader.js:41:13\n          at async Promise.all (index 1)\n      at TestingInstanceLoader.createInstances (../node_modules/@nestjs/core/injector/instance-loader.js:39:9)\n      at TestingInstanceLoader.createInstancesOfDependencies (../node_modules/@nestjs/core/injector/instance-loader.js:22:13)\n      at TestingInstanceLoader.createInstancesOfDependencies (../node_modules/@nestjs/testing/testing-instance-loader.js:9:9)\n      at TestingModuleBuilder.createInstancesOfDependencies (../node_modules/@nestjs/testing/testing-module.builder.js:118:9)\n      at TestingModuleBuilder.compile (../node_modules/@nestjs/testing/testing-module.builder.js:74:9)\n      at Object.<anonymous> (unit/config/vpn-config.controller.spec.ts:14:35)\n\n  ● VPNConfigController › GET /config/vpn › should return 304 Not Modified when etag matches\n\n    Nest can't resolve dependencies of the OptionalSessionGuard (?, PrismaService). Please make sure that the argument ConfigService at index [0] is available in the RootTestModule context.\n\n    Potential solutions:\n    - Is RootTestModule a valid NestJS module?\n    - If ConfigService is a provider, is it part of the current RootTestModule?\n    - If ConfigService is exported from a separate @Module, is that module imported within RootTestModule?\n      @Module({\n        imports: [ /* the Module containing ConfigService */ ]\n      })\n\n    For more common dependency resolution issues, see: https://docs.nestjs.com/faq/common-errors\n\n      12 |     };\n      13 |\n    > 14 |     const module: TestingModule = await Test.createTestingModule({\n         |                                   ^\n      15 |       controllers: [VPNConfigController],\n      16 |       providers: [\n      17 |         {\n\n      at TestingInjector.lookupComponentInParentModules (../node_modules/@nestjs/core/injector/injector.js:290:19)\n      at TestingInjector.resolveComponentWrapper (../node_modules/@nestjs/testing/testing-injector.js:19:45)\n      at resolveParam (../node_modules/@nestjs/core/injector/injector.js:140:38)\n          at async Promise.all (index 0)\n      at TestingInjector.resolveConstructorParams (../node_modules/@nestjs/core/injector/injector.js:169:27)\n      at TestingInjector.loadInstance (../node_modules/@nestjs/core/injector/injector.js:75:13)\n      at TestingInjector.loadInjectable (../node_modules/@nestjs/core/injector/injector.js:99:9)\n      at ../node_modules/@nestjs/core/injector/instance-loader.js:80:13\n          at async Promise.all (index 0)\n      at TestingInstanceLoader.createInstancesOfInjectables (../node_modules/@nestjs/core/injector/instance-loader.js:79:9)\n      at ../node_modules/@nestjs/core/injector/instance-loader.js:41:13\n          at async Promise.all (index 1)\n      at TestingInstanceLoader.createInstances (../node_modules/@nestjs/core/injector/instance-loader.js:39:9)\n      at TestingInstanceLoader.createInstancesOfDependencies (../node_modules/@nestjs/core/injector/instance-loader.js:22:13)\n      at TestingInstanceLoader.createInstancesOfDependencies (../node_modules/@nestjs/testing/testing-instance-loader.js:9:9)\n      at TestingModuleBuilder.createInstancesOfDependencies (../node_modules/@nestjs/testing/testing-module.builder.js:118:9)\n      at TestingModuleBuilder.compile (../node_modules/@nestjs/testing/testing-module.builder.js:74:9)\n      at Object.<anonymous> (unit/config/vpn-config.controller.spec.ts:14:35)\n\n  ● VPNConfigController › GET /config/vpn › should return 500 if config is not available\n\n    Nest can't resolve dependencies of the OptionalSessionGuard (?, PrismaService). Please make sure that the argument ConfigService at index [0] is available in the RootTestModule context.\n\n    Potential solutions:\n    - Is RootTestModule a valid NestJS module?\n    - If ConfigService is a provider, is it part of the current RootTestModule?\n    - If ConfigService is exported from a separate @Module, is that module imported within RootTestModule?\n      @Module({\n        imports: [ /* the Module containing ConfigService */ ]\n      })\n\n    For more common dependency resolution issues, see: https://docs.nestjs.com/faq/common-errors\n\n      12 |     };\n      13 |\n    > 14 |     const module: TestingModule = await Test.createTestingModule({\n         |                                   ^\n      15 |       controllers: [VPNConfigController],\n      16 |       providers: [\n      17 |         {\n\n      at TestingInjector.lookupComponentInParentModules (../node_modules/@nestjs/core/injector/injector.js:290:19)\n      at TestingInjector.resolveComponentWrapper (../node_modules/@nestjs/testing/testing-injector.js:19:45)\n      at resolveParam (../node_modules/@nestjs/core/injector/injector.js:140:38)\n          at async Promise.all (index 0)\n      at TestingInjector.resolveConstructorParams (../node_modules/@nestjs/core/injector/injector.js:169:27)\n      at TestingInjector.loadInstance (../node_modules/@nestjs/core/injector/injector.js:75:13)\n      at TestingInjector.loadInjectable (../node_modules/@nestjs/core/injector/injector.js:99:9)\n      at ../node_modules/@nestjs/core/injector/instance-loader.js:80:13\n          at async Promise.all (index 0)\n      at TestingInstanceLoader.createInstancesOfInjectables (../node_modules/@nestjs/core/injector/instance-loader.js:79:9)\n      at ../node_modules/@nestjs/core/injector/instance-loader.js:41:13\n          at async Promise.all (index 1)\n      at TestingInstanceLoader.createInstances (../node_modules/@nestjs/core/injector/instance-loader.js:39:9)\n      at TestingInstanceLoader.createInstancesOfDependencies (../node_modules/@nestjs/core/injector/instance-loader.js:22:13)\n      at TestingInstanceLoader.createInstancesOfDependencies (../node_modules/@nestjs/testing/testing-instance-loader.js:9:9)\n      at TestingModuleBuilder.createInstancesOfDependencies (../node_modules/@nestjs/testing/testing-module.builder.js:118:9)\n      at TestingModuleBuilder.compile (../node_modules/@nestjs/testing/testing-module.builder.js:74:9)\n      at Object.<anonymous> (unit/config/vpn-config.controller.spec.ts:14:35)\n","name":"/Users/deimos/Workspace/keenvpn/vpn-backend-service-v2/test/unit/config/vpn-config.controller.spec.ts","startTime":1770578842812,"status":"failed","summary":""},{"assertionResults":[{"ancestorTitles":["ConnectionController","POST /connection/session"],"duration":44,"failing":false,"failureDetails":[{"matcherResult":{"message":"expect(jest.fn()).toHaveBeenCalledWith(...expected)\n\nExpected: \"user_123\", {\"app_version\": \"1.0.0\", \"bytes_transferred\": \"1000000\", \"duration_seconds\": 3600, \"email\": \"test@example.com\", \"platform\": \"macOS\", \"server_address\": \"1.2.3.4\", \"server_location\": \"US\", \"session_end\": \"2024-01-01T01:00:00Z\", \"session_start\": \"2024-01-01T00:00:00Z\", \"subscription_tier\": \"premium\"}\nReceived: {\"app_version\": \"1.0.0\", \"bytes_transferred\": \"1000000\", \"duration_seconds\": 3600, \"email\": \"test@example.com\", \"platform\": \"macOS\", \"server_address\": \"1.2.3.4\", \"server_location\": \"US\", \"session_end\": \"2024-01-01T01:00:00Z\", \"session_start\": \"2024-01-01T00:00:00Z\", \"subscription_tier\": \"premium\"}\n\nNumber of calls: 1","pass":false}}],"failureMessages":["Error: expect(jest.fn()).toHaveBeenCalledWith(...expected)\n\nExpected: \"user_123\", {\"app_version\": \"1.0.0\", \"bytes_transferred\": \"1000000\", \"duration_seconds\": 3600, \"email\": \"test@example.com\", \"platform\": \"macOS\", \"server_address\": \"1.2.3.4\", \"server_location\": \"US\", \"session_end\": \"2024-01-01T01:00:00Z\", \"session_start\": \"2024-01-01T00:00:00Z\", \"subscription_tier\": \"premium\"}\nReceived: {\"app_version\": \"1.0.0\", \"bytes_transferred\": \"1000000\", \"duration_seconds\": 3600, \"email\": \"test@example.com\", \"platform\": \"macOS\", \"server_address\": \"1.2.3.4\", \"server_location\": \"US\", \"session_end\": \"2024-01-01T01:00:00Z\", \"session_start\": \"2024-01-01T00:00:00Z\", \"subscription_tier\": \"premium\"}\n\nNumber of calls: 1\n    at Object.<anonymous> (/Users/deimos/Workspace/keenvpn/vpn-backend-service-v2/test/unit/connection/connection.controller.spec.ts:81:47)\n    at processTicksAndRejections (node:internal/process/task_queues:105:5)"],"fullName":"ConnectionController POST /connection/session should record session successfully","invocations":1,"location":null,"numPassingAsserts":1,"retryReasons":[],"startAt":1770578845229,"status":"failed","title":"should record session successfully"},{"ancestorTitles":["ConnectionController","GET /connection/sessions/:email"],"duration":1,"failing":false,"failureDetails":[{}],"failureMessages":["TypeError: controller.getSessions is not a function\n    at Object.<anonymous> (/Users/deimos/Workspace/keenvpn/vpn-backend-service-v2/test/unit/connection/connection.controller.spec.ts:107:39)\n    at Promise.finally.completed (/Users/deimos/Workspace/keenvpn/vpn-backend-service-v2/node_modules/jest-circus/build/jestAdapterInit.js:1557:28)\n    at new Promise (<anonymous>)\n    at callAsyncCircusFn (/Users/deimos/Workspace/keenvpn/vpn-backend-service-v2/node_modules/jest-circus/build/jestAdapterInit.js:1497:10)\n    at _callCircusTest (/Users/deimos/Workspace/keenvpn/vpn-backend-service-v2/node_modules/jest-circus/build/jestAdapterInit.js:1007:40)\n    at processTicksAndRejections (node:internal/process/task_queues:105:5)\n    at _runTest (/Users/deimos/Workspace/keenvpn/vpn-backend-service-v2/node_modules/jest-circus/build/jestAdapterInit.js:947:3)\n    at /Users/deimos/Workspace/keenvpn/vpn-backend-service-v2/node_modules/jest-circus/build/jestAdapterInit.js:849:7\n    at _runTestsForDescribeBlock (/Users/deimos/Workspace/keenvpn/vpn-backend-service-v2/node_modules/jest-circus/build/jestAdapterInit.js:862:11)\n    at _runTestsForDescribeBlock (/Users/deimos/Workspace/keenvpn/vpn-backend-service-v2/node_modules/jest-circus/build/jestAdapterInit.js:857:11)\n    at _runTestsForDescribeBlock (/Users/deimos/Workspace/keenvpn/vpn-backend-service-v2/node_modules/jest-circus/build/jestAdapterInit.js:857:11)\n    at run (/Users/deimos/Workspace/keenvpn/vpn-backend-service-v2/node_modules/jest-circus/build/jestAdapterInit.js:761:3)\n    at runAndTransformResultsToJestFormat (/Users/deimos/Workspace/keenvpn/vpn-backend-service-v2/node_modules/jest-circus/build/jestAdapterInit.js:1918:21)\n    at jestAdapter (/Users/deimos/Workspace/keenvpn/vpn-backend-service-v2/node_modules/jest-circus/build/runner.js:101:19)\n    at runTestInternal (/Users/deimos/Workspace/keenvpn/vpn-backend-service-v2/node_modules/jest-runner/build/testWorker.js:275:16)\n    at runTest (/Users/deimos/Workspace/keenvpn/vpn-backend-service-v2/node_modules/jest-runner/build/testWorker.js:343:7)\n    at Object.worker (/Users/deimos/Workspace/keenvpn/vpn-backend-service-v2/node_modules/jest-runner/build/testWorker.js:497:12)"],"fullName":"ConnectionController GET /connection/sessions/:email should return sessions for user","invocations":1,"location":null,"numPassingAsserts":0,"retryReasons":[],"startAt":1770578845302,"status":"failed","title":"should return sessions for user"},{"ancestorTitles":["ConnectionController","GET /connection/sessions/:email"],"duration":1,"failing":false,"failureDetails":[{}],"failureMessages":["TypeError: controller.getSessions is not a function\n    at Object.<anonymous> (/Users/deimos/Workspace/keenvpn/vpn-backend-service-v2/test/unit/connection/connection.controller.spec.ts:128:20)\n    at Promise.finally.completed (/Users/deimos/Workspace/keenvpn/vpn-backend-service-v2/node_modules/jest-circus/build/jestAdapterInit.js:1557:28)\n    at new Promise (<anonymous>)\n    at callAsyncCircusFn (/Users/deimos/Workspace/keenvpn/vpn-backend-service-v2/node_modules/jest-circus/build/jestAdapterInit.js:1497:10)\n    at _callCircusTest (/Users/deimos/Workspace/keenvpn/vpn-backend-service-v2/node_modules/jest-circus/build/jestAdapterInit.js:1007:40)\n    at processTicksAndRejections (node:internal/process/task_queues:105:5)\n    at _runTest (/Users/deimos/Workspace/keenvpn/vpn-backend-service-v2/node_modules/jest-circus/build/jestAdapterInit.js:947:3)\n    at /Users/deimos/Workspace/keenvpn/vpn-backend-service-v2/node_modules/jest-circus/build/jestAdapterInit.js:849:7\n    at _runTestsForDescribeBlock (/Users/deimos/Workspace/keenvpn/vpn-backend-service-v2/node_modules/jest-circus/build/jestAdapterInit.js:862:11)\n    at _runTestsForDescribeBlock (/Users/deimos/Workspace/keenvpn/vpn-backend-service-v2/node_modules/jest-circus/build/jestAdapterInit.js:857:11)\n    at _runTestsForDescribeBlock (/Users/deimos/Workspace/keenvpn/vpn-backend-service-v2/node_modules/jest-circus/build/jestAdapterInit.js:857:11)\n    at run (/Users/deimos/Workspace/keenvpn/vpn-backend-service-v2/node_modules/jest-circus/build/jestAdapterInit.js:761:3)\n    at runAndTransformResultsToJestFormat (/Users/deimos/Workspace/keenvpn/vpn-backend-service-v2/node_modules/jest-circus/build/jestAdapterInit.js:1918:21)\n    at jestAdapter (/Users/deimos/Workspace/keenvpn/vpn-backend-service-v2/node_modules/jest-circus/build/runner.js:101:19)\n    at runTestInternal (/Users/deimos/Workspace/keenvpn/vpn-backend-service-v2/node_modules/jest-runner/build/testWorker.js:275:16)\n    at runTest (/Users/deimos/Workspace/keenvpn/vpn-backend-service-v2/node_modules/jest-runner/build/testWorker.js:343:7)\n    at Object.worker (/Users/deimos/Workspace/keenvpn/vpn-backend-service-v2/node_modules/jest-runner/build/testWorker.js:497:12)"],"fullName":"ConnectionController GET /connection/sessions/:email should throw UnauthorizedException if email does not match","invocations":1,"location":null,"numPassingAsserts":0,"retryReasons":[],"startAt":1770578845308,"status":"failed","title":"should throw UnauthorizedException if email does not match"},{"ancestorTitles":["ConnectionController","GET /connection/stats/:email"],"duration":1,"failing":false,"failureDetails":[{}],"failureMessages":["TypeError: controller.getStats is not a function\n    at Object.<anonymous> (/Users/deimos/Workspace/keenvpn/vpn-backend-service-v2/test/unit/connection/connection.controller.spec.ts:153:39)\n    at Promise.finally.completed (/Users/deimos/Workspace/keenvpn/vpn-backend-service-v2/node_modules/jest-circus/build/jestAdapterInit.js:1557:28)\n    at new Promise (<anonymous>)\n    at callAsyncCircusFn (/Users/deimos/Workspace/keenvpn/vpn-backend-service-v2/node_modules/jest-circus/build/jestAdapterInit.js:1497:10)\n    at _callCircusTest (/Users/deimos/Workspace/keenvpn/vpn-backend-service-v2/node_modules/jest-circus/build/jestAdapterInit.js:1007:40)\n    at processTicksAndRejections (node:internal/process/task_queues:105:5)\n    at _runTest (/Users/deimos/Workspace/keenvpn/vpn-backend-service-v2/node_modules/jest-circus/build/jestAdapterInit.js:947:3)\n    at /Users/deimos/Workspace/keenvpn/vpn-backend-service-v2/node_modules/jest-circus/build/jestAdapterInit.js:849:7\n    at _runTestsForDescribeBlock (/Users/deimos/Workspace/keenvpn/vpn-backend-service-v2/node_modules/jest-circus/build/jestAdapterInit.js:862:11)\n    at _runTestsForDescribeBlock (/Users/deimos/Workspace/keenvpn/vpn-backend-service-v2/node_modules/jest-circus/build/jestAdapterInit.js:857:11)\n    at _runTestsForDescribeBlock (/Users/deimos/Workspace/keenvpn/vpn-backend-service-v2/node_modules/jest-circus/build/jestAdapterInit.js:857:11)\n    at run (/Users/deimos/Workspace/keenvpn/vpn-backend-service-v2/node_modules/jest-circus/build/jestAdapterInit.js:761:3)\n    at runAndTransformResultsToJestFormat (/Users/deimos/Workspace/keenvpn/vpn-backend-service-v2/node_modules/jest-circus/build/jestAdapterInit.js:1918:21)\n    at jestAdapter (/Users/deimos/Workspace/keenvpn/vpn-backend-service-v2/node_modules/jest-circus/build/runner.js:101:19)\n    at runTestInternal (/Users/deimos/Workspace/keenvpn/vpn-backend-service-v2/node_modules/jest-runner/build/testWorker.js:275:16)\n    at runTest (/Users/deimos/Workspace/keenvpn/vpn-backend-service-v2/node_modules/jest-runner/build/testWorker.js:343:7)\n    at Object.worker (/Users/deimos/Workspace/keenvpn/vpn-backend-service-v2/node_modules/jest-runner/build/testWorker.js:497:12)"],"fullName":"ConnectionController GET /connection/stats/:email should return stats for user","invocations":1,"location":null,"numPassingAsserts":0,"retryReasons":[],"startAt":1770578845310,"status":"failed","title":"should return stats for user"},{"ancestorTitles":["ConnectionController","GET /connection/stats/:email"],"duration":2,"failing":false,"failureDetails":[{}],"failureMessages":["TypeError: controller.getStats is not a function\n    at Object.<anonymous> (/Users/deimos/Workspace/keenvpn/vpn-backend-service-v2/test/unit/connection/connection.controller.spec.ts:165:31)\n    at Promise.finally.completed (/Users/deimos/Workspace/keenvpn/vpn-backend-service-v2/node_modules/jest-circus/build/jestAdapterInit.js:1557:28)\n    at new Promise (<anonymous>)\n    at callAsyncCircusFn (/Users/deimos/Workspace/keenvpn/vpn-backend-service-v2/node_modules/jest-circus/build/jestAdapterInit.js:1497:10)\n    at _callCircusTest (/Users/deimos/Workspace/keenvpn/vpn-backend-service-v2/node_modules/jest-circus/build/jestAdapterInit.js:1007:40)\n    at processTicksAndRejections (node:internal/process/task_queues:105:5)\n    at _runTest (/Users/deimos/Workspace/keenvpn/vpn-backend-service-v2/node_modules/jest-circus/build/jestAdapterInit.js:947:3)\n    at /Users/deimos/Workspace/keenvpn/vpn-backend-service-v2/node_modules/jest-circus/build/jestAdapterInit.js:849:7\n    at _runTestsForDescribeBlock (/Users/deimos/Workspace/keenvpn/vpn-backend-service-v2/node_modules/jest-circus/build/jestAdapterInit.js:862:11)\n    at _runTestsForDescribeBlock (/Users/deimos/Workspace/keenvpn/vpn-backend-service-v2/node_modules/jest-circus/build/jestAdapterInit.js:857:11)\n    at _runTestsForDescribeBlock (/Users/deimos/Workspace/keenvpn/vpn-backend-service-v2/node_modules/jest-circus/build/jestAdapterInit.js:857:11)\n    at run (/Users/deimos/Workspace/keenvpn/vpn-backend-service-v2/node_modules/jest-circus/build/jestAdapterInit.js:761:3)\n    at runAndTransformResultsToJestFormat (/Users/deimos/Workspace/keenvpn/vpn-backend-service-v2/node_modules/jest-circus/build/jestAdapterInit.js:1918:21)\n    at jestAdapter (/Users/deimos/Workspace/keenvpn/vpn-backend-service-v2/node_modules/jest-circus/build/runner.js:101:19)\n    at runTestInternal (/Users/deimos/Workspace/keenvpn/vpn-backend-service-v2/node_modules/jest-runner/build/testWorker.js:275:16)\n    at runTest (/Users/deimos/Workspace/keenvpn/vpn-backend-service-v2/node_modules/jest-runner/build/testWorker.js:343:7)\n    at Object.worker (/Users/deimos/Workspace/keenvpn/vpn-backend-service-v2/node_modules/jest-runner/build/testWorker.js:497:12)"],"fullName":"ConnectionController GET /connection/stats/:email should throw UnauthorizedException if email does not match","invocations":1,"location":null,"numPassingAsserts":0,"retryReasons":[],"startAt":1770578845312,"status":"failed","title":"should throw UnauthorizedException if email does not match"}],"endTime":1770578845329,"message":"  ● ConnectionController › POST /connection/session › should record session successfully\n\n    expect(jest.fn()).toHaveBeenCalledWith(...expected)\n\n    Expected: \"user_123\", {\"app_version\": \"1.0.0\", \"bytes_transferred\": \"1000000\", \"duration_seconds\": 3600, \"email\": \"test@example.com\", \"platform\": \"macOS\", \"server_address\": \"1.2.3.4\", \"server_location\": \"US\", \"session_end\": \"2024-01-01T01:00:00Z\", \"session_start\": \"2024-01-01T00:00:00Z\", \"subscription_tier\": \"premium\"}\n    Received: {\"app_version\": \"1.0.0\", \"bytes_transferred\": \"1000000\", \"duration_seconds\": 3600, \"email\": \"test@example.com\", \"platform\": \"macOS\", \"server_address\": \"1.2.3.4\", \"server_location\": \"US\", \"session_end\": \"2024-01-01T01:00:00Z\", \"session_start\": \"2024-01-01T00:00:00Z\", \"subscription_tier\": \"premium\"}\n\n    Number of calls: 1\n\n      79 |\n      80 |       expect(result.success).toBe(true);\n    > 81 |       expect(connectionService.recordSession).toHaveBeenCalledWith(\n         |                                               ^\n      82 |         user.uid,\n      83 |         sessionDto,\n      84 |       );\n\n      at Object.<anonymous> (unit/connection/connection.controller.spec.ts:81:47)\n\n  ● ConnectionController › GET /connection/sessions/:email › should return sessions for user\n\n    TypeError: controller.getSessions is not a function\n\n      105 |       });\n      106 |\n    > 107 |       const result = await controller.getSessions(\n          |                                       ^\n      108 |         email,\n      109 |         user as any,\n      110 |         '50',\n\n      at Object.<anonymous> (unit/connection/connection.controller.spec.ts:107:39)\n\n  ● ConnectionController › GET /connection/sessions/:email › should throw UnauthorizedException if email does not match\n\n    TypeError: controller.getSessions is not a function\n\n      126 |\n      127 |       await expect(\n    > 128 |         controller.getSessions(email, user as any, '50', '0'),\n          |                    ^\n      129 |       ).rejects.toThrow(UnauthorizedException);\n      130 |     });\n      131 |   });\n\n      at Object.<anonymous> (unit/connection/connection.controller.spec.ts:128:20)\n\n  ● ConnectionController › GET /connection/stats/:email › should return stats for user\n\n    TypeError: controller.getStats is not a function\n\n      151 |       });\n      152 |\n    > 153 |       const result = await controller.getStats(email, user as any);\n          |                                       ^\n      154 |\n      155 |       expect(result.success).toBe(true);\n      156 |       expect(result.data).toBeDefined();\n\n      at Object.<anonymous> (unit/connection/connection.controller.spec.ts:153:39)\n\n  ● ConnectionController › GET /connection/stats/:email › should throw UnauthorizedException if email does not match\n\n    TypeError: controller.getStats is not a function\n\n      163 |       const user = { uid: 'user_123', email: 'test@example.com' };\n      164 |\n    > 165 |       await expect(controller.getStats(email, user as any)).rejects.toThrow(\n          |                               ^\n      166 |         UnauthorizedException,\n      167 |       );\n      168 |     });\n\n      at Object.<anonymous> (unit/connection/connection.controller.spec.ts:165:31)\n","name":"/Users/deimos/Workspace/keenvpn/vpn-backend-service-v2/test/unit/connection/connection.controller.spec.ts","startTime":1770578842850,"status":"failed","summary":""},{"assertionResults":[{"ancestorTitles":["AppController (e2e)"],"duration":561,"failing":false,"failureDetails":[],"failureMessages":[],"fullName":"AppController (e2e) / (GET)","invocations":1,"location":null,"numPassingAsserts":8,"retryReasons":[],"startAt":1770578845647,"status":"passed","title":"/ (GET)"}],"endTime":1770578846209,"message":"","name":"/Users/deimos/Workspace/keenvpn/vpn-backend-service-v2/test/app.e2e-spec.ts","startTime":1770578842806,"status":"passed","summary":""},{"assertionResults":[{"ancestorTitles":["AppleService","verifyReceipt"],"duration":34,"failing":false,"failureDetails":[],"failureMessages":[],"fullName":"AppleService verifyReceipt should verify production receipt successfully","invocations":1,"location":null,"numPassingAsserts":2,"retryReasons":[],"startAt":1770578848678,"status":"passed","title":"should verify production receipt successfully"},{"ancestorTitles":["AppleService","verifyReceipt"],"duration":23,"failing":false,"failureDetails":[],"failureMessages":[],"fullName":"AppleService verifyReceipt should fallback to sandbox on status 21007","invocations":1,"location":null,"numPassingAsserts":2,"retryReasons":[],"startAt":1770578848712,"status":"passed","title":"should fallback to sandbox on status 21007"},{"ancestorTitles":["AppleService","handleWebhookEvent"],"duration":28,"failing":false,"failureDetails":[],"failureMessages":[],"fullName":"AppleService handleWebhookEvent should handle REFUND event","invocations":1,"location":null,"numPassingAsserts":1,"retryReasons":[],"startAt":1770578848735,"status":"passed","title":"should handle REFUND event"},{"ancestorTitles":["AppleService","handleWebhookEvent"],"duration":24,"failing":false,"failureDetails":[],"failureMessages":[],"fullName":"AppleService handleWebhookEvent should handle DID_RENEW event","invocations":1,"location":null,"numPassingAsserts":1,"retryReasons":[],"startAt":1770578848763,"status":"passed","title":"should handle DID_RENEW event"},{"ancestorTitles":["AppleService","handleWebhookEvent"],"duration":3,"failing":false,"failureDetails":[],"failureMessages":[],"fullName":"AppleService handleWebhookEvent should handle DID_CHANGE_RENEWAL_STATUS event","invocations":1,"location":null,"numPassingAsserts":1,"retryReasons":[],"startAt":1770578848787,"status":"passed","title":"should handle DID_CHANGE_RENEWAL_STATUS event"}],"endTime":1770578848792,"message":"","name":"/Users/deimos/Workspace/keenvpn/vpn-backend-service-v2/test/unit/payment/apple.service.spec.ts","startTime":1770578845347,"status":"passed","summary":""},{"assertionResults":[{"ancestorTitles":["StripeWebhookController","POST /payment/stripe/webhook"],"duration":106,"failing":false,"failureDetails":[],"failureMessages":[],"fullName":"StripeWebhookController POST /payment/stripe/webhook should process webhook with valid signature","invocations":1,"location":null,"numPassingAsserts":3,"retryReasons":[],"startAt":1770578848704,"status":"passed","title":"should process webhook with valid signature"},{"ancestorTitles":["StripeWebhookController","POST /payment/stripe/webhook"],"duration":84,"failing":false,"failureDetails":[],"failureMessages":[],"fullName":"StripeWebhookController POST /payment/stripe/webhook should return 400 for invalid signature","invocations":1,"location":null,"numPassingAsserts":2,"retryReasons":[],"startAt":1770578848811,"status":"passed","title":"should return 400 for invalid signature"},{"ancestorTitles":["StripeWebhookController","POST /payment/stripe/webhook"],"duration":17,"failing":false,"failureDetails":[],"failureMessages":[],"fullName":"StripeWebhookController POST /payment/stripe/webhook should return 400 for missing signature","invocations":1,"location":null,"numPassingAsserts":1,"retryReasons":[],"startAt":1770578848896,"status":"passed","title":"should return 400 for missing signature"},{"ancestorTitles":["StripeWebhookController","POST /payment/stripe/checkout"],"duration":5,"failing":false,"failureDetails":[],"failureMessages":[],"fullName":"StripeWebhookController POST /payment/stripe/checkout should create checkout session","invocations":1,"location":null,"numPassingAsserts":2,"retryReasons":[],"startAt":1770578848913,"status":"passed","title":"should create checkout session"},{"ancestorTitles":["StripeWebhookController","POST /payment/stripe/portal"],"duration":7,"failing":false,"failureDetails":[{}],"failureMessages":["TypeError: this.stripeService.getCustomerIdByUserId is not a function\n    at StripeWebhookController.createPortal (/Users/deimos/Workspace/keenvpn/vpn-backend-service-v2/src/payment/stripe/stripe.webhook.controller.ts:150:49)\n    at Object.<anonymous> (/Users/deimos/Workspace/keenvpn/vpn-backend-service-v2/test/unit/payment/stripe.webhook.controller.spec.ts:170:39)\n    at Promise.finally.completed (/Users/deimos/Workspace/keenvpn/vpn-backend-service-v2/node_modules/jest-circus/build/jestAdapterInit.js:1557:28)\n    at new Promise (<anonymous>)\n    at callAsyncCircusFn (/Users/deimos/Workspace/keenvpn/vpn-backend-service-v2/node_modules/jest-circus/build/jestAdapterInit.js:1497:10)\n    at _callCircusTest (/Users/deimos/Workspace/keenvpn/vpn-backend-service-v2/node_modules/jest-circus/build/jestAdapterInit.js:1007:40)\n    at processTicksAndRejections (node:internal/process/task_queues:105:5)\n    at _runTest (/Users/deimos/Workspace/keenvpn/vpn-backend-service-v2/node_modules/jest-circus/build/jestAdapterInit.js:947:3)\n    at /Users/deimos/Workspace/keenvpn/vpn-backend-service-v2/node_modules/jest-circus/build/jestAdapterInit.js:849:7\n    at _runTestsForDescribeBlock (/Users/deimos/Workspace/keenvpn/vpn-backend-service-v2/node_modules/jest-circus/build/jestAdapterInit.js:862:11)\n    at _runTestsForDescribeBlock (/Users/deimos/Workspace/keenvpn/vpn-backend-service-v2/node_modules/jest-circus/build/jestAdapterInit.js:857:11)\n    at _runTestsForDescribeBlock (/Users/deimos/Workspace/keenvpn/vpn-backend-service-v2/node_modules/jest-circus/build/jestAdapterInit.js:857:11)\n    at run (/Users/deimos/Workspace/keenvpn/vpn-backend-service-v2/node_modules/jest-circus/build/jestAdapterInit.js:761:3)\n    at runAndTransformResultsToJestFormat (/Users/deimos/Workspace/keenvpn/vpn-backend-service-v2/node_modules/jest-circus/build/jestAdapterInit.js:1918:21)\n    at jestAdapter (/Users/deimos/Workspace/keenvpn/vpn-backend-service-v2/node_modules/jest-circus/build/runner.js:101:19)\n    at runTestInternal (/Users/deimos/Workspace/keenvpn/vpn-backend-service-v2/node_modules/jest-runner/build/testWorker.js:275:16)\n    at runTest (/Users/deimos/Workspace/keenvpn/vpn-backend-service-v2/node_modules/jest-runner/build/testWorker.js:343:7)\n    at Object.worker (/Users/deimos/Workspace/keenvpn/vpn-backend-service-v2/node_modules/jest-runner/build/testWorker.js:497:12)"],"fullName":"StripeWebhookController POST /payment/stripe/portal should create portal session","invocations":1,"location":null,"numPassingAsserts":0,"retryReasons":[],"startAt":1770578848920,"status":"failed","title":"should create portal session"}],"endTime":1770578848953,"message":"  ● StripeWebhookController › POST /payment/stripe/portal › should create portal session\n\n    TypeError: this.stripeService.getCustomerIdByUserId is not a function\n\n      148 |\n      149 |     // Resolving customerId from user (placeholder until I see service)\n    > 150 |     const customerId = await this.stripeService.getCustomerIdByUserId(user.uid);\n          |                                                 ^\n      151 |\n      152 |     if (!customerId) {\n      153 |       return { error: 'Stripe customer not found' };\n\n      at StripeWebhookController.createPortal (../src/payment/stripe/stripe.webhook.controller.ts:150:49)\n      at Object.<anonymous> (unit/payment/stripe.webhook.controller.spec.ts:170:39)\n","name":"/Users/deimos/Workspace/keenvpn/vpn-backend-service-v2/test/unit/payment/stripe.webhook.controller.spec.ts","startTime":1770578842804,"status":"failed","summary":""},{"assertionResults":[{"ancestorTitles":["CryptoService","signBlindedToken"],"duration":65,"failing":false,"failureDetails":[],"failureMessages":[],"fullName":"CryptoService signBlindedToken should successfully sign a valid blinded token","invocations":1,"location":null,"numPassingAsserts":3,"retryReasons":[],"startAt":1770578848808,"status":"passed","title":"should successfully sign a valid blinded token"},{"ancestorTitles":["CryptoService","signBlindedToken"],"duration":57,"failing":false,"failureDetails":[],"failureMessages":[],"fullName":"CryptoService signBlindedToken should throw BadRequestException for invalid base64 format","invocations":1,"location":null,"numPassingAsserts":1,"retryReasons":[],"startAt":1770578848874,"status":"passed","title":"should throw BadRequestException for invalid base64 format"},{"ancestorTitles":["CryptoService","signBlindedToken"],"duration":6,"failing":false,"failureDetails":[],"failureMessages":[],"fullName":"CryptoService signBlindedToken should throw BadRequestException for token that is too short","invocations":1,"location":null,"numPassingAsserts":1,"retryReasons":[],"startAt":1770578848933,"status":"passed","title":"should throw BadRequestException for token that is too short"},{"ancestorTitles":["CryptoService","signBlindedToken"],"duration":7,"failing":false,"failureDetails":[],"failureMessages":[],"fullName":"CryptoService signBlindedToken should throw BadRequestException for token that is too long","invocations":1,"location":null,"numPassingAsserts":1,"retryReasons":[],"startAt":1770578848939,"status":"passed","title":"should throw BadRequestException for token that is too long"},{"ancestorTitles":["CryptoService","signBlindedToken"],"duration":4,"failing":false,"failureDetails":[],"failureMessages":[],"fullName":"CryptoService signBlindedToken should handle crypto errors gracefully","invocations":1,"location":null,"numPassingAsserts":1,"retryReasons":[],"startAt":1770578848946,"status":"passed","title":"should handle crypto errors gracefully"},{"ancestorTitles":["CryptoService","signBlindedToken"],"duration":4,"failing":false,"failureDetails":[],"failureMessages":[],"fullName":"CryptoService signBlindedToken should not log token content (security check)","invocations":1,"location":null,"numPassingAsserts":1,"retryReasons":[],"startAt":1770578848950,"status":"passed","title":"should not log token content (security check)"},{"ancestorTitles":["CryptoService","getPublicKey"],"duration":1,"failing":false,"failureDetails":[],"failureMessages":[],"fullName":"CryptoService getPublicKey should return PEM formatted public key","invocations":1,"location":null,"numPassingAsserts":4,"retryReasons":[],"startAt":1770578848954,"status":"passed","title":"should return PEM formatted public key"}],"endTime":1770578848955,"message":"","name":"/Users/deimos/Workspace/keenvpn/vpn-backend-service-v2/test/unit/crypto/crypto.service.spec.ts","startTime":1770578845322,"status":"passed","summary":""},{"assertionResults":[{"ancestorTitles":["AuthService","login"],"duration":174,"failing":false,"failureDetails":[],"failureMessages":[],"fullName":"AuthService login should successfully login with valid Firebase token and sync user","invocations":1,"location":null,"numPassingAsserts":5,"retryReasons":[],"startAt":1770578848748,"status":"passed","title":"should successfully login with valid Firebase token and sync user"},{"ancestorTitles":["AuthService","login"],"duration":17,"failing":false,"failureDetails":[],"failureMessages":[],"fullName":"AuthService login should create new user if not found","invocations":1,"location":null,"numPassingAsserts":3,"retryReasons":[],"startAt":1770578848922,"status":"passed","title":"should create new user if not found"},{"ancestorTitles":["AuthService","login"],"duration":10,"failing":false,"failureDetails":[],"failureMessages":[],"fullName":"AuthService login should update existing user info","invocations":1,"location":null,"numPassingAsserts":2,"retryReasons":[],"startAt":1770578848939,"status":"passed","title":"should update existing user info"},{"ancestorTitles":["AuthService","login"],"duration":21,"failing":false,"failureDetails":[],"failureMessages":[],"fullName":"AuthService login should throw UnauthorizedException for invalid token","invocations":1,"location":null,"numPassingAsserts":2,"retryReasons":[],"startAt":1770578848949,"status":"passed","title":"should throw UnauthorizedException for invalid token"},{"ancestorTitles":["AuthService","login"],"duration":9,"failing":false,"failureDetails":[],"failureMessages":[],"fullName":"AuthService login should throw UnauthorizedException if email is missing","invocations":1,"location":null,"numPassingAsserts":1,"retryReasons":[],"startAt":1770578848970,"status":"passed","title":"should throw UnauthorizedException if email is missing"},{"ancestorTitles":["AuthService","logout"],"duration":17,"failing":false,"failureDetails":[],"failureMessages":[],"fullName":"AuthService logout should perform server-side cleanup","invocations":1,"location":null,"numPassingAsserts":1,"retryReasons":[],"startAt":1770578848980,"status":"passed","title":"should perform server-side cleanup"}],"endTime":1770578849026,"message":"","name":"/Users/deimos/Workspace/keenvpn/vpn-backend-service-v2/test/unit/auth/auth.service.spec.ts","startTime":1770578842814,"status":"passed","summary":""},{"assertionResults":[{"ancestorTitles":["SubscriptionService","getStatusWithSession"],"duration":63,"failing":false,"failureDetails":[],"failureMessages":[],"fullName":"SubscriptionService getStatusWithSession should return subscription status with active subscription","invocations":1,"location":null,"numPassingAsserts":4,"retryReasons":[],"startAt":1770578848947,"status":"passed","title":"should return subscription status with active subscription"},{"ancestorTitles":["SubscriptionService","getStatusWithSession"],"duration":21,"failing":false,"failureDetails":[],"failureMessages":[],"fullName":"SubscriptionService getStatusWithSession should return subscription status without active subscription","invocations":1,"location":null,"numPassingAsserts":3,"retryReasons":[],"startAt":1770578849010,"status":"passed","title":"should return subscription status without active subscription"},{"ancestorTitles":["SubscriptionService","getStatusWithSession"],"duration":46,"failing":false,"failureDetails":[],"failureMessages":[],"fullName":"SubscriptionService getStatusWithSession should throw UnauthorizedException for invalid token","invocations":1,"location":null,"numPassingAsserts":1,"retryReasons":[],"startAt":1770578849031,"status":"passed","title":"should throw UnauthorizedException for invalid token"},{"ancestorTitles":["SubscriptionService","getStatusWithSession"],"duration":97,"failing":false,"failureDetails":[],"failureMessages":[],"fullName":"SubscriptionService getStatusWithSession should throw UnauthorizedException if user not found","invocations":1,"location":null,"numPassingAsserts":1,"retryReasons":[],"startAt":1770578849077,"status":"passed","title":"should throw UnauthorizedException if user not found"},{"ancestorTitles":["SubscriptionService","cancel"],"duration":5,"failing":false,"failureDetails":[],"failureMessages":[],"fullName":"SubscriptionService cancel should cancel subscription successfully","invocations":1,"location":null,"numPassingAsserts":3,"retryReasons":[],"startAt":1770578849174,"status":"passed","title":"should cancel subscription successfully"},{"ancestorTitles":["SubscriptionService","cancel"],"duration":3,"failing":false,"failureDetails":[],"failureMessages":[],"fullName":"SubscriptionService cancel should return error if no active subscription","invocations":1,"location":null,"numPassingAsserts":2,"retryReasons":[],"startAt":1770578849179,"status":"passed","title":"should return error if no active subscription"},{"ancestorTitles":["SubscriptionService","cancel"],"duration":2,"failing":false,"failureDetails":[],"failureMessages":[],"fullName":"SubscriptionService cancel should throw UnauthorizedException if user not found","invocations":1,"location":null,"numPassingAsserts":1,"retryReasons":[],"startAt":1770578849183,"status":"passed","title":"should throw UnauthorizedException if user not found"}],"endTime":1770578849186,"message":"","name":"/Users/deimos/Workspace/keenvpn/vpn-backend-service-v2/test/unit/subscription/subscription.service.spec.ts","startTime":1770578846268,"status":"passed","summary":""},{"assertionResults":[{"ancestorTitles":["Payment (e2e)","POST /payment/stripe/webhook"],"duration":476,"failing":false,"failureDetails":[],"failureMessages":[],"fullName":"Payment (e2e) POST /payment/stripe/webhook should process webhook with valid signature","invocations":1,"location":null,"numPassingAsserts":1,"retryReasons":[],"startAt":1770578848719,"status":"passed","title":"should process webhook with valid signature"},{"ancestorTitles":["Payment (e2e)","POST /payment/stripe/webhook"],"duration":93,"failing":false,"failureDetails":[],"failureMessages":[],"fullName":"Payment (e2e) POST /payment/stripe/webhook should return 400 for invalid signature","invocations":1,"location":null,"numPassingAsserts":0,"retryReasons":[],"startAt":1770578849195,"status":"passed","title":"should return 400 for invalid signature"},{"ancestorTitles":["Payment (e2e)","POST /payment/apple/receipt"],"duration":42,"failing":false,"failureDetails":[],"failureMessages":[],"fullName":"Payment (e2e) POST /payment/apple/receipt should verify receipt successfully","invocations":1,"location":null,"numPassingAsserts":1,"retryReasons":[],"startAt":1770578849288,"status":"passed","title":"should verify receipt successfully"},{"ancestorTitles":["Payment (e2e)","POST /payment/apple/receipt"],"duration":26,"failing":false,"failureDetails":[],"failureMessages":[],"fullName":"Payment (e2e) POST /payment/apple/receipt should return error if receiptData is missing","invocations":1,"location":null,"numPassingAsserts":1,"retryReasons":[],"startAt":1770578849330,"status":"passed","title":"should return error if receiptData is missing"},{"ancestorTitles":["Payment (e2e)","POST /payment/apple/webhook"],"duration":60,"failing":false,"failureDetails":[],"failureMessages":[],"fullName":"Payment (e2e) POST /payment/apple/webhook should process webhook event","invocations":1,"location":null,"numPassingAsserts":1,"retryReasons":[],"startAt":1770578849357,"status":"passed","title":"should process webhook event"}],"endTime":1770578849418,"message":"","name":"/Users/deimos/Workspace/keenvpn/vpn-backend-service-v2/test/e2e/payment.e2e-spec.ts","startTime":1770578842808,"status":"passed","summary":""},{"assertionResults":[{"ancestorTitles":["Auth (e2e)","POST /auth/login"],"duration":594,"failing":false,"failureDetails":[],"failureMessages":[],"fullName":"Auth (e2e) POST /auth/login should successfully login and return user profile","invocations":1,"location":null,"numPassingAsserts":3,"retryReasons":[],"startAt":1770578848717,"status":"passed","title":"should successfully login and return user profile"},{"ancestorTitles":["Auth (e2e)","POST /auth/login"],"duration":26,"failing":false,"failureDetails":[],"failureMessages":[],"fullName":"Auth (e2e) POST /auth/login should return 401 for invalid token format","invocations":1,"location":null,"numPassingAsserts":0,"retryReasons":[],"startAt":1770578849311,"status":"passed","title":"should return 401 for invalid token format"},{"ancestorTitles":["Auth (e2e)","POST /auth/login"],"duration":23,"failing":false,"failureDetails":[],"failureMessages":[],"fullName":"Auth (e2e) POST /auth/login should return 401 for invalid token","invocations":1,"location":null,"numPassingAsserts":0,"retryReasons":[],"startAt":1770578849337,"status":"passed","title":"should return 401 for invalid token"},{"ancestorTitles":["Auth (e2e)","POST /auth/login"],"duration":24,"failing":false,"failureDetails":[],"failureMessages":[],"fullName":"Auth (e2e) POST /auth/login should not include stack trace in error response","invocations":1,"location":null,"numPassingAsserts":1,"retryReasons":[],"startAt":1770578849360,"status":"passed","title":"should not include stack trace in error response"},{"ancestorTitles":["Auth (e2e)","POST /auth/logout"],"duration":64,"failing":false,"failureDetails":[],"failureMessages":[],"fullName":"Auth (e2e) POST /auth/logout should require authentication","invocations":1,"location":null,"numPassingAsserts":0,"retryReasons":[],"startAt":1770578849384,"status":"passed","title":"should require authentication"}],"endTime":1770578849449,"message":"","name":"/Users/deimos/Workspace/keenvpn/vpn-backend-service-v2/test/e2e/auth.e2e-spec.ts","startTime":1770578842804,"status":"passed","summary":""},{"assertionResults":[{"ancestorTitles":["Crypto (e2e)","POST /auth/vpn-token"],"duration":538,"failing":false,"failureDetails":[{}],"failureMessages":["Error: expected 200 \"OK\", got 401 \"Unauthorized\"\n    at Object.<anonymous> (/Users/deimos/Workspace/keenvpn/vpn-backend-service-v2/test/e2e/crypto.e2e-spec.ts:76:10)\n    at Promise.finally.completed (/Users/deimos/Workspace/keenvpn/vpn-backend-service-v2/node_modules/jest-circus/build/jestAdapterInit.js:1557:28)\n    at new Promise (<anonymous>)\n    at callAsyncCircusFn (/Users/deimos/Workspace/keenvpn/vpn-backend-service-v2/node_modules/jest-circus/build/jestAdapterInit.js:1497:10)\n    at _callCircusTest (/Users/deimos/Workspace/keenvpn/vpn-backend-service-v2/node_modules/jest-circus/build/jestAdapterInit.js:1007:40)\n    at processTicksAndRejections (node:internal/process/task_queues:105:5)\n    at _runTest (/Users/deimos/Workspace/keenvpn/vpn-backend-service-v2/node_modules/jest-circus/build/jestAdapterInit.js:947:3)\n    at /Users/deimos/Workspace/keenvpn/vpn-backend-service-v2/node_modules/jest-circus/build/jestAdapterInit.js:849:7\n    at _runTestsForDescribeBlock (/Users/deimos/Workspace/keenvpn/vpn-backend-service-v2/node_modules/jest-circus/build/jestAdapterInit.js:862:11)\n    at _runTestsForDescribeBlock (/Users/deimos/Workspace/keenvpn/vpn-backend-service-v2/node_modules/jest-circus/build/jestAdapterInit.js:857:11)\n    at _runTestsForDescribeBlock (/Users/deimos/Workspace/keenvpn/vpn-backend-service-v2/node_modules/jest-circus/build/jestAdapterInit.js:857:11)\n    at run (/Users/deimos/Workspace/keenvpn/vpn-backend-service-v2/node_modules/jest-circus/build/jestAdapterInit.js:761:3)\n    at runAndTransformResultsToJestFormat (/Users/deimos/Workspace/keenvpn/vpn-backend-service-v2/node_modules/jest-circus/build/jestAdapterInit.js:1918:21)\n    at jestAdapter (/Users/deimos/Workspace/keenvpn/vpn-backend-service-v2/node_modules/jest-circus/build/runner.js:101:19)\n    at runTestInternal (/Users/deimos/Workspace/keenvpn/vpn-backend-service-v2/node_modules/jest-runner/build/testWorker.js:275:16)\n    at runTest (/Users/deimos/Workspace/keenvpn/vpn-backend-service-v2/node_modules/jest-runner/build/testWorker.js:343:7)\n    at Object.worker (/Users/deimos/Workspace/keenvpn/vpn-backend-service-v2/node_modules/jest-runner/build/testWorker.js:497:12)\n----\n    at Test._assertStatus (/Users/deimos/Workspace/keenvpn/vpn-backend-service-v2/node_modules/supertest/lib/test.js:309:14)\n    at /Users/deimos/Workspace/keenvpn/vpn-backend-service-v2/node_modules/supertest/lib/test.js:365:13\n    at Test._assertFunction (/Users/deimos/Workspace/keenvpn/vpn-backend-service-v2/node_modules/supertest/lib/test.js:342:13)\n    at Test.assert (/Users/deimos/Workspace/keenvpn/vpn-backend-service-v2/node_modules/supertest/lib/test.js:195:23)\n    at localAssert (/Users/deimos/Workspace/keenvpn/vpn-backend-service-v2/node_modules/supertest/lib/test.js:138:14)\n    at Server.<anonymous> (/Users/deimos/Workspace/keenvpn/vpn-backend-service-v2/node_modules/supertest/lib/test.js:152:11)\n    at Object.onceWrapper (node:events:621:28)\n    at Server.emit (node:events:507:28)\n    at emitCloseNT (node:net:2418:8)\n    at processTicksAndRejections (node:internal/process/task_queues:89:21)"],"fullName":"Crypto (e2e) POST /auth/vpn-token should sign blinded token successfully","invocations":1,"location":null,"numPassingAsserts":0,"retryReasons":[],"startAt":1770578848836,"status":"failed","title":"should sign blinded token successfully"},{"ancestorTitles":["Crypto (e2e)","POST /auth/vpn-token"],"duration":38,"failing":false,"failureDetails":[],"failureMessages":[],"fullName":"Crypto (e2e) POST /auth/vpn-token should require authentication","invocations":1,"location":null,"numPassingAsserts":0,"retryReasons":[],"startAt":1770578849375,"status":"passed","title":"should require authentication"},{"ancestorTitles":["Crypto (e2e)","POST /auth/vpn-token"],"duration":72,"failing":false,"failureDetails":[{}],"failureMessages":["Error: expected 400 \"Bad Request\", got 401 \"Unauthorized\"\n    at Object.<anonymous> (/Users/deimos/Workspace/keenvpn/vpn-backend-service-v2/test/e2e/crypto.e2e-spec.ts:106:10)\n    at Promise.finally.completed (/Users/deimos/Workspace/keenvpn/vpn-backend-service-v2/node_modules/jest-circus/build/jestAdapterInit.js:1557:28)\n    at new Promise (<anonymous>)\n    at callAsyncCircusFn (/Users/deimos/Workspace/keenvpn/vpn-backend-service-v2/node_modules/jest-circus/build/jestAdapterInit.js:1497:10)\n    at _callCircusTest (/Users/deimos/Workspace/keenvpn/vpn-backend-service-v2/node_modules/jest-circus/build/jestAdapterInit.js:1007:40)\n    at processTicksAndRejections (node:internal/process/task_queues:105:5)\n    at _runTest (/Users/deimos/Workspace/keenvpn/vpn-backend-service-v2/node_modules/jest-circus/build/jestAdapterInit.js:947:3)\n    at /Users/deimos/Workspace/keenvpn/vpn-backend-service-v2/node_modules/jest-circus/build/jestAdapterInit.js:849:7\n    at _runTestsForDescribeBlock (/Users/deimos/Workspace/keenvpn/vpn-backend-service-v2/node_modules/jest-circus/build/jestAdapterInit.js:862:11)\n    at _runTestsForDescribeBlock (/Users/deimos/Workspace/keenvpn/vpn-backend-service-v2/node_modules/jest-circus/build/jestAdapterInit.js:857:11)\n    at _runTestsForDescribeBlock (/Users/deimos/Workspace/keenvpn/vpn-backend-service-v2/node_modules/jest-circus/build/jestAdapterInit.js:857:11)\n    at run (/Users/deimos/Workspace/keenvpn/vpn-backend-service-v2/node_modules/jest-circus/build/jestAdapterInit.js:761:3)\n    at runAndTransformResultsToJestFormat (/Users/deimos/Workspace/keenvpn/vpn-backend-service-v2/node_modules/jest-circus/build/jestAdapterInit.js:1918:21)\n    at jestAdapter (/Users/deimos/Workspace/keenvpn/vpn-backend-service-v2/node_modules/jest-circus/build/runner.js:101:19)\n    at runTestInternal (/Users/deimos/Workspace/keenvpn/vpn-backend-service-v2/node_modules/jest-runner/build/testWorker.js:275:16)\n    at runTest (/Users/deimos/Workspace/keenvpn/vpn-backend-service-v2/node_modules/jest-runner/build/testWorker.js:343:7)\n    at Object.worker (/Users/deimos/Workspace/keenvpn/vpn-backend-service-v2/node_modules/jest-runner/build/testWorker.js:497:12)\n----\n    at Test._assertStatus (/Users/deimos/Workspace/keenvpn/vpn-backend-service-v2/node_modules/supertest/lib/test.js:309:14)\n    at /Users/deimos/Workspace/keenvpn/vpn-backend-service-v2/node_modules/supertest/lib/test.js:365:13\n    at Test._assertFunction (/Users/deimos/Workspace/keenvpn/vpn-backend-service-v2/node_modules/supertest/lib/test.js:342:13)\n    at Test.assert (/Users/deimos/Workspace/keenvpn/vpn-backend-service-v2/node_modules/supertest/lib/test.js:195:23)\n    at localAssert (/Users/deimos/Workspace/keenvpn/vpn-backend-service-v2/node_modules/supertest/lib/test.js:138:14)\n    at Server.<anonymous> (/Users/deimos/Workspace/keenvpn/vpn-backend-service-v2/node_modules/supertest/lib/test.js:152:11)\n    at Object.onceWrapper (node:events:621:28)\n    at Server.emit (node:events:507:28)\n    at emitCloseNT (node:net:2418:8)\n    at processTicksAndRejections (node:internal/process/task_queues:89:21)"],"fullName":"Crypto (e2e) POST /auth/vpn-token should return 400 for invalid token format","invocations":1,"location":null,"numPassingAsserts":0,"retryReasons":[],"startAt":1770578849414,"status":"failed","title":"should return 400 for invalid token format"},{"ancestorTitles":["Crypto (e2e)","GET /auth/vpn-token/public-key"],"duration":42,"failing":false,"failureDetails":[],"failureMessages":[],"fullName":"Crypto (e2e) GET /auth/vpn-token/public-key should return public key","invocations":1,"location":null,"numPassingAsserts":2,"retryReasons":[],"startAt":1770578849487,"status":"passed","title":"should return public key"}],"endTime":1770578849550,"message":"  ● Crypto (e2e) › POST /auth/vpn-token › should sign blinded token successfully\n\n    expected 200 \"OK\", got 401 \"Unauthorized\"\n\n      74 |         .set('Authorization', `Bearer ${sessionToken}`)\n      75 |         .send({ blindedToken })\n    > 76 |         .expect(200);\n         |          ^\n      77 |\n      78 |       expect(response.body.signature).toBeDefined();\n      79 |     });\n\n      at Object.<anonymous> (e2e/crypto.e2e-spec.ts:76:10)\n      ----\n      at Test._assertStatus (../node_modules/supertest/lib/test.js:309:14)\n      at ../node_modules/supertest/lib/test.js:365:13\n      at Test._assertFunction (../node_modules/supertest/lib/test.js:342:13)\n      at Test.assert (../node_modules/supertest/lib/test.js:195:23)\n      at localAssert (../node_modules/supertest/lib/test.js:138:14)\n      at Server.<anonymous> (../node_modules/supertest/lib/test.js:152:11)\n\n  ● Crypto (e2e) › POST /auth/vpn-token › should return 400 for invalid token format\n\n    expected 400 \"Bad Request\", got 401 \"Unauthorized\"\n\n      104 |         .set('Authorization', `Bearer ${sessionToken}`)\n      105 |         .send({ blindedToken: 'invalid-base64!!!' })\n    > 106 |         .expect(400);\n          |          ^\n      107 |     });\n      108 |   });\n      109 |\n\n      at Object.<anonymous> (e2e/crypto.e2e-spec.ts:106:10)\n      ----\n      at Test._assertStatus (../node_modules/supertest/lib/test.js:309:14)\n      at ../node_modules/supertest/lib/test.js:365:13\n      at Test._assertFunction (../node_modules/supertest/lib/test.js:342:13)\n      at Test.assert (../node_modules/supertest/lib/test.js:195:23)\n      at localAssert (../node_modules/supertest/lib/test.js:138:14)\n      at Server.<anonymous> (../node_modules/supertest/lib/test.js:152:11)\n","name":"/Users/deimos/Workspace/keenvpn/vpn-backend-service-v2/test/e2e/crypto.e2e-spec.ts","startTime":1770578842856,"status":"failed","summary":""},{"assertionResults":[{"ancestorTitles":["Account (e2e)","GET /user/profile"],"duration":321,"failing":false,"failureDetails":[],"failureMessages":[],"fullName":"Account (e2e) GET /user/profile should return user profile with subscription","invocations":1,"location":null,"numPassingAsserts":3,"retryReasons":[],"startAt":1770578848924,"status":"passed","title":"should return user profile with subscription"},{"ancestorTitles":["Account (e2e)","GET /user/profile"],"duration":73,"failing":false,"failureDetails":[],"failureMessages":[],"fullName":"Account (e2e) GET /user/profile should require authentication","invocations":1,"location":null,"numPassingAsserts":0,"retryReasons":[],"startAt":1770578849245,"status":"passed","title":"should require authentication"},{"ancestorTitles":["Account (e2e)","DELETE /user/account"],"duration":31,"failing":false,"failureDetails":[],"failureMessages":[],"fullName":"Account (e2e) DELETE /user/account should delete account successfully","invocations":1,"location":null,"numPassingAsserts":2,"retryReasons":[],"startAt":1770578849318,"status":"passed","title":"should delete account successfully"},{"ancestorTitles":["Account (e2e)","DELETE /user/account"],"duration":25,"failing":false,"failureDetails":[],"failureMessages":[],"fullName":"Account (e2e) DELETE /user/account should require authentication","invocations":1,"location":null,"numPassingAsserts":0,"retryReasons":[],"startAt":1770578849349,"status":"passed","title":"should require authentication"},{"ancestorTitles":["Account (e2e)","GET /account/payments"],"duration":111,"failing":false,"failureDetails":[],"failureMessages":[],"fullName":"Account (e2e) GET /account/payments should return payment history","invocations":1,"location":null,"numPassingAsserts":2,"retryReasons":[],"startAt":1770578849374,"status":"passed","title":"should return payment history"},{"ancestorTitles":["Account (e2e)","GET /account/invoices/:id/pdf"],"duration":761,"failing":false,"failureDetails":[],"failureMessages":[],"fullName":"Account (e2e) GET /account/invoices/:id/pdf should return PDF invoice","invocations":1,"location":null,"numPassingAsserts":1,"retryReasons":[],"startAt":1770578849485,"status":"passed","title":"should return PDF invoice"},{"ancestorTitles":["Account (e2e)","GET /account/invoices/:id/pdf"],"duration":126,"failing":false,"failureDetails":[],"failureMessages":[],"fullName":"Account (e2e) GET /account/invoices/:id/pdf should return 403 for invalid UUID format","invocations":1,"location":null,"numPassingAsserts":0,"retryReasons":[],"startAt":1770578850246,"status":"passed","title":"should return 403 for invalid UUID format"}],"endTime":1770578850392,"message":"","name":"/Users/deimos/Workspace/keenvpn/vpn-backend-service-v2/test/e2e/account.e2e-spec.ts","startTime":1770578842826,"status":"passed","summary":""},{"assertionResults":[{"ancestorTitles":["AppleIAPController","POST /apple-iap/capture-purchase"],"duration":98,"failing":false,"failureDetails":[],"failureMessages":[],"fullName":"AppleIAPController POST /apple-iap/capture-purchase should capture purchase successfully","invocations":1,"location":null,"numPassingAsserts":2,"retryReasons":[],"startAt":1770578850025,"status":"passed","title":"should capture purchase successfully"},{"ancestorTitles":["AppleIAPController","POST /apple-iap/capture-purchase"],"duration":53,"failing":false,"failureDetails":[],"failureMessages":[],"fullName":"AppleIAPController POST /apple-iap/capture-purchase should handle capture errors","invocations":1,"location":null,"numPassingAsserts":2,"retryReasons":[],"startAt":1770578850123,"status":"passed","title":"should handle capture errors"},{"ancestorTitles":["AppleIAPController","POST /apple-iap/link-purchase"],"duration":8,"failing":false,"failureDetails":[],"failureMessages":[],"fullName":"AppleIAPController POST /apple-iap/link-purchase should link purchase successfully","invocations":1,"location":null,"numPassingAsserts":2,"retryReasons":[],"startAt":1770578850177,"status":"passed","title":"should link purchase successfully"},{"ancestorTitles":["AppleIAPController","POST /apple-iap/link-with-transaction-ids"],"duration":2,"failing":false,"failureDetails":[],"failureMessages":[],"fullName":"AppleIAPController POST /apple-iap/link-with-transaction-ids should link multiple purchases successfully","invocations":1,"location":null,"numPassingAsserts":3,"retryReasons":[],"startAt":1770578850185,"status":"passed","title":"should link multiple purchases successfully"},{"ancestorTitles":["AppleIAPController","POST /apple-iap/link-with-transaction-ids"],"duration":4,"failing":false,"failureDetails":[],"failureMessages":[],"fullName":"AppleIAPController POST /apple-iap/link-with-transaction-ids should handle partial linking failures","invocations":1,"location":null,"numPassingAsserts":4,"retryReasons":[],"startAt":1770578850187,"status":"passed","title":"should handle partial linking failures"}],"endTime":1770578850202,"message":"","name":"/Users/deimos/Workspace/keenvpn/vpn-backend-service-v2/test/unit/payment/apple-iap.controller.spec.ts","startTime":1770578849201,"status":"passed","summary":""},{"assertionResults":[{"ancestorTitles":["StripeService","createCheckoutSession"],"duration":33,"failing":false,"failureDetails":[],"failureMessages":[],"fullName":"StripeService createCheckoutSession should create checkout session successfully","invocations":1,"location":null,"numPassingAsserts":2,"retryReasons":[],"startAt":1770578850443,"status":"passed","title":"should create checkout session successfully"},{"ancestorTitles":["StripeService","createCheckoutSession"],"duration":1,"failing":false,"failureDetails":[],"failureMessages":[],"fullName":"StripeService createCheckoutSession should create Stripe customer if missing","invocations":1,"location":null,"numPassingAsserts":2,"retryReasons":[],"startAt":1770578850477,"status":"passed","title":"should create Stripe customer if missing"},{"ancestorTitles":["StripeService","handleWebhookEvent"],"duration":15,"failing":false,"failureDetails":[],"failureMessages":[],"fullName":"StripeService handleWebhookEvent should handle checkout.session.completed event","invocations":1,"location":null,"numPassingAsserts":2,"retryReasons":[],"startAt":1770578850479,"status":"passed","title":"should handle checkout.session.completed event"},{"ancestorTitles":["StripeService","handleWebhookEvent"],"duration":11,"failing":false,"failureDetails":[],"failureMessages":[],"fullName":"StripeService handleWebhookEvent should handle customer.subscription.created event","invocations":1,"location":null,"numPassingAsserts":1,"retryReasons":[],"startAt":1770578850495,"status":"passed","title":"should handle customer.subscription.created event"},{"ancestorTitles":["StripeService","handleWebhookEvent"],"duration":17,"failing":false,"failureDetails":[],"failureMessages":[],"fullName":"StripeService handleWebhookEvent should handle customer.subscription.deleted event","invocations":1,"location":null,"numPassingAsserts":1,"retryReasons":[],"startAt":1770578850506,"status":"passed","title":"should handle customer.subscription.deleted event"},{"ancestorTitles":["StripeService","handleWebhookEvent"],"duration":2,"failing":false,"failureDetails":[],"failureMessages":[],"fullName":"StripeService handleWebhookEvent should handle invoice.payment_succeeded event","invocations":1,"location":null,"numPassingAsserts":1,"retryReasons":[],"startAt":1770578850523,"status":"passed","title":"should handle invoice.payment_succeeded event"}],"endTime":1770578850526,"message":"","name":"/Users/deimos/Workspace/keenvpn/vpn-backend-service-v2/test/unit/payment/stripe.service.spec.ts","startTime":1770578849163,"status":"passed","summary":""},{"assertionResults":[{"ancestorTitles":["CryptoController","POST /auth/vpn-token"],"duration":45,"failing":false,"failureDetails":[],"failureMessages":[],"fullName":"CryptoController POST /auth/vpn-token should successfully sign blinded token","invocations":1,"location":null,"numPassingAsserts":2,"retryReasons":[],"startAt":1770578850552,"status":"passed","title":"should successfully sign blinded token"},{"ancestorTitles":["CryptoController","POST /auth/vpn-token"],"duration":19,"failing":false,"failureDetails":[],"failureMessages":[],"fullName":"CryptoController POST /auth/vpn-token should throw BadRequestException for invalid token format","invocations":1,"location":null,"numPassingAsserts":1,"retryReasons":[],"startAt":1770578850597,"status":"passed","title":"should throw BadRequestException for invalid token format"},{"ancestorTitles":["CryptoController","GET /auth/vpn-token/public-key"],"duration":6,"failing":false,"failureDetails":[],"failureMessages":[],"fullName":"CryptoController GET /auth/vpn-token/public-key should return public key","invocations":1,"location":null,"numPassingAsserts":2,"retryReasons":[],"startAt":1770578850616,"status":"passed","title":"should return public key"}],"endTime":1770578850622,"message":"","name":"/Users/deimos/Workspace/keenvpn/vpn-backend-service-v2/test/unit/crypto/crypto.controller.spec.ts","startTime":1770578848986,"status":"passed","summary":""},{"assertionResults":[{"ancestorTitles":["ConnectionService","recordSession"],"duration":31,"failing":false,"failureDetails":[],"failureMessages":[],"fullName":"ConnectionService recordSession should record session successfully","invocations":1,"location":null,"numPassingAsserts":2,"retryReasons":[],"startAt":1770578851000,"status":"passed","title":"should record session successfully"},{"ancestorTitles":["ConnectionService","recordSession"],"duration":9,"failing":false,"failureDetails":[],"failureMessages":[],"fullName":"ConnectionService recordSession should handle errors when recording session","invocations":1,"location":null,"numPassingAsserts":2,"retryReasons":[],"startAt":1770578851032,"status":"passed","title":"should handle errors when recording session"}],"endTime":1770578851042,"message":"","name":"/Users/deimos/Workspace/keenvpn/vpn-backend-service-v2/test/unit/connection/connection.service.spec.ts","startTime":1770578849467,"status":"passed","summary":""},{"assertionResults":[{"ancestorTitles":["AccountService","getProfileByFirebaseUid"],"duration":10,"failing":false,"failureDetails":[],"failureMessages":[],"fullName":"AccountService getProfileByFirebaseUid should return user profile with active subscription","invocations":1,"location":null,"numPassingAsserts":2,"retryReasons":[],"startAt":1770578850768,"status":"passed","title":"should return user profile with active subscription"},{"ancestorTitles":["AccountService","getProfileByFirebaseUid"],"duration":12,"failing":false,"failureDetails":[],"failureMessages":[],"fullName":"AccountService getProfileByFirebaseUid should return user profile without subscription","invocations":1,"location":null,"numPassingAsserts":2,"retryReasons":[],"startAt":1770578850778,"status":"passed","title":"should return user profile without subscription"},{"ancestorTitles":["AccountService","getProfileByFirebaseUid"],"duration":31,"failing":false,"failureDetails":[],"failureMessages":[],"fullName":"AccountService getProfileByFirebaseUid should throw NotFoundException if user not found","invocations":1,"location":null,"numPassingAsserts":1,"retryReasons":[],"startAt":1770578850790,"status":"passed","title":"should throw NotFoundException if user not found"},{"ancestorTitles":["AccountService","deleteAccount"],"duration":24,"failing":false,"failureDetails":[],"failureMessages":[],"fullName":"AccountService deleteAccount should successfully delete account with cascade","invocations":1,"location":null,"numPassingAsserts":3,"retryReasons":[],"startAt":1770578850821,"status":"passed","title":"should successfully delete account with cascade"},{"ancestorTitles":["AccountService","deleteAccount"],"duration":2,"failing":false,"failureDetails":[],"failureMessages":[],"fullName":"AccountService deleteAccount should throw NotFoundException if user not found","invocations":1,"location":null,"numPassingAsserts":1,"retryReasons":[],"startAt":1770578850845,"status":"passed","title":"should throw NotFoundException if user not found"},{"ancestorTitles":["AccountService","getPayments"],"duration":2,"failing":false,"failureDetails":[],"failureMessages":[],"fullName":"AccountService getPayments should return payment history","invocations":1,"location":null,"numPassingAsserts":2,"retryReasons":[],"startAt":1770578850847,"status":"passed","title":"should return payment history"},{"ancestorTitles":["AccountService","getPayments"],"duration":1,"failing":false,"failureDetails":[],"failureMessages":[],"fullName":"AccountService getPayments should throw NotFoundException if user not found","invocations":1,"location":null,"numPassingAsserts":1,"retryReasons":[],"startAt":1770578850849,"status":"passed","title":"should throw NotFoundException if user not found"},{"ancestorTitles":["AccountService","getInvoicePdf"],"duration":185,"failing":false,"failureDetails":[],"failureMessages":[],"fullName":"AccountService getInvoicePdf should generate PDF invoice","invocations":1,"location":null,"numPassingAsserts":2,"retryReasons":[],"startAt":1770578850850,"status":"passed","title":"should generate PDF invoice"},{"ancestorTitles":["AccountService","getInvoicePdf"],"duration":3,"failing":false,"failureDetails":[],"failureMessages":[],"fullName":"AccountService getInvoicePdf should throw NotFoundException if invoice not found","invocations":1,"location":null,"numPassingAsserts":1,"retryReasons":[],"startAt":1770578851036,"status":"passed","title":"should throw NotFoundException if invoice not found"},{"ancestorTitles":["AccountService","getInvoicePdf"],"duration":5,"failing":false,"failureDetails":[],"failureMessages":[],"fullName":"AccountService getInvoicePdf should throw ForbiddenException if invoice belongs to different user","invocations":1,"location":null,"numPassingAsserts":1,"retryReasons":[],"startAt":1770578851039,"status":"passed","title":"should throw ForbiddenException if invoice belongs to different user"}],"endTime":1770578851045,"message":"","name":"/Users/deimos/Workspace/keenvpn/vpn-backend-service-v2/test/unit/account/account.service.spec.ts","startTime":1770578848977,"status":"passed","summary":""},{"assertionResults":[{"ancestorTitles":["AuthController","POST /auth/login"],"duration":23,"failing":false,"failureDetails":[],"failureMessages":[],"fullName":"AuthController POST /auth/login should successfully login with valid token","invocations":1,"location":null,"numPassingAsserts":2,"retryReasons":[],"startAt":1770578850931,"status":"passed","title":"should successfully login with valid token"},{"ancestorTitles":["AuthController","POST /auth/login"],"duration":13,"failing":false,"failureDetails":[],"failureMessages":[],"fullName":"AuthController POST /auth/login should throw error for invalid token format","invocations":1,"location":null,"numPassingAsserts":1,"retryReasons":[],"startAt":1770578850954,"status":"passed","title":"should throw error for invalid token format"},{"ancestorTitles":["AuthController","POST /auth/logout"],"duration":3,"failing":false,"failureDetails":[],"failureMessages":[],"fullName":"AuthController POST /auth/logout should successfully logout","invocations":1,"location":null,"numPassingAsserts":2,"retryReasons":[],"startAt":1770578850967,"status":"passed","title":"should successfully logout"}],"endTime":1770578850971,"message":"","name":"/Users/deimos/Workspace/keenvpn/vpn-backend-service-v2/test/unit/auth/auth.controller.spec.ts","startTime":1770578848847,"status":"passed","summary":""},{"assertionResults":[{"ancestorTitles":["AccountController","GET /user/profile"],"duration":9,"failing":false,"failureDetails":[],"failureMessages":[],"fullName":"AccountController GET /user/profile should return user profile","invocations":1,"location":null,"numPassingAsserts":2,"retryReasons":[],"startAt":1770578851007,"status":"passed","title":"should return user profile"},{"ancestorTitles":["AccountController","DELETE /user/account"],"duration":6,"failing":false,"failureDetails":[],"failureMessages":[],"fullName":"AccountController DELETE /user/account should delete account successfully","invocations":1,"location":null,"numPassingAsserts":1,"retryReasons":[],"startAt":1770578851016,"status":"passed","title":"should delete account successfully"},{"ancestorTitles":["AccountPaymentsController","GET /account/payments"],"duration":3,"failing":false,"failureDetails":[],"failureMessages":[],"fullName":"AccountPaymentsController GET /account/payments should return payment history","invocations":1,"location":null,"numPassingAsserts":1,"retryReasons":[],"startAt":1770578851022,"status":"passed","title":"should return payment history"},{"ancestorTitles":["AccountPaymentsController","GET /account/invoices/:id/pdf"],"duration":29,"failing":false,"failureDetails":[],"failureMessages":[],"fullName":"AccountPaymentsController GET /account/invoices/:id/pdf should return PDF invoice","invocations":1,"location":null,"numPassingAsserts":2,"retryReasons":[],"startAt":1770578851025,"status":"passed","title":"should return PDF invoice"},{"ancestorTitles":["AccountPaymentsController","GET /account/invoices/:id/pdf"],"duration":21,"failing":false,"failureDetails":[],"failureMessages":[],"fullName":"AccountPaymentsController GET /account/invoices/:id/pdf should throw ForbiddenException for invalid UUID format","invocations":1,"location":null,"numPassingAsserts":1,"retryReasons":[],"startAt":1770578851054,"status":"passed","title":"should throw ForbiddenException for invalid UUID format"}],"endTime":1770578851077,"message":"","name":"/Users/deimos/Workspace/keenvpn/vpn-backend-service-v2/test/unit/account/account.controller.spec.ts","startTime":1770578849441,"status":"passed","summary":""},{"assertionResults":[{"ancestorTitles":["VPNConfigService","getVPNConfig"],"duration":18,"failing":false,"failureDetails":[],"failureMessages":[],"fullName":"VPNConfigService getVPNConfig should return VPN config from database","invocations":1,"location":null,"numPassingAsserts":3,"retryReasons":[],"startAt":1770578851055,"status":"passed","title":"should return VPN config from database"},{"ancestorTitles":["VPNConfigService","getVPNConfig"],"duration":11,"failing":false,"failureDetails":[],"failureMessages":[],"fullName":"VPNConfigService getVPNConfig should return not-modified when etag matches","invocations":1,"location":null,"numPassingAsserts":4,"retryReasons":[],"startAt":1770578851073,"status":"passed","title":"should return not-modified when etag matches"},{"ancestorTitles":["VPNConfigService","getVPNConfig"],"duration":8,"failing":false,"failureDetails":[],"failureMessages":[],"fullName":"VPNConfigService getVPNConfig should fallback to default config file when database has no config","invocations":1,"location":null,"numPassingAsserts":2,"retryReasons":[],"startAt":1770578851084,"status":"passed","title":"should fallback to default config file when database has no config"}],"endTime":1770578851093,"message":"","name":"/Users/deimos/Workspace/keenvpn/vpn-backend-service-v2/test/unit/config/vpn-config.service.spec.ts","startTime":1770578850479,"status":"passed","summary":""},{"assertionResults":[{"ancestorTitles":["AppleWebhookController","POST /payment/apple/webhook"],"duration":14,"failing":false,"failureDetails":[],"failureMessages":[],"fullName":"AppleWebhookController POST /payment/apple/webhook should process webhook event","invocations":1,"location":null,"numPassingAsserts":2,"retryReasons":[],"startAt":1770578851093,"status":"passed","title":"should process webhook event"},{"ancestorTitles":["AppleWebhookController","POST /payment/apple/receipt"],"duration":5,"failing":false,"failureDetails":[],"failureMessages":[],"fullName":"AppleWebhookController POST /payment/apple/receipt should verify receipt","invocations":1,"location":null,"numPassingAsserts":2,"retryReasons":[],"startAt":1770578851107,"status":"passed","title":"should verify receipt"},{"ancestorTitles":["AppleWebhookController","POST /payment/apple/receipt"],"duration":2,"failing":false,"failureDetails":[],"failureMessages":[],"fullName":"AppleWebhookController POST /payment/apple/receipt should return error if receiptData is missing","invocations":1,"location":null,"numPassingAsserts":1,"retryReasons":[],"startAt":1770578851112,"status":"passed","title":"should return error if receiptData is missing"}],"endTime":1770578851115,"message":"","name":"/Users/deimos/Workspace/keenvpn/vpn-backend-service-v2/test/unit/payment/apple.webhook.controller.spec.ts","startTime":1770578849572,"status":"passed","summary":""},{"assertionResults":[{"ancestorTitles":["SubscriptionController","POST /subscription/status-session"],"duration":10,"failing":false,"failureDetails":[],"failureMessages":[],"fullName":"SubscriptionController POST /subscription/status-session should return subscription status","invocations":1,"location":null,"numPassingAsserts":3,"retryReasons":[],"startAt":1770578851119,"status":"passed","title":"should return subscription status"},{"ancestorTitles":["SubscriptionController","POST /subscription/cancel"],"duration":2,"failing":false,"failureDetails":[],"failureMessages":[],"fullName":"SubscriptionController POST /subscription/cancel should cancel subscription successfully","invocations":1,"location":null,"numPassingAsserts":2,"retryReasons":[],"startAt":1770578851129,"status":"passed","title":"should cancel subscription successfully"},{"ancestorTitles":["SubscriptionController","POST /subscription/cancel"],"duration":2,"failing":false,"failureDetails":[],"failureMessages":[],"fullName":"SubscriptionController POST /subscription/cancel should handle no active subscription","invocations":1,"location":null,"numPassingAsserts":2,"retryReasons":[],"startAt":1770578851131,"status":"passed","title":"should handle no active subscription"}],"endTime":1770578851134,"message":"","name":"/Users/deimos/Workspace/keenvpn/vpn-backend-service-v2/test/unit/subscription/subscription.controller.spec.ts","startTime":1770578850495,"status":"passed","summary":""},{"assertionResults":[{"ancestorTitles":["AppleTokenVerifierService","verifyIdentityToken"],"duration":3,"failing":false,"failureDetails":[],"failureMessages":[],"fullName":"AppleTokenVerifierService verifyIdentityToken should verify valid Apple identity token","invocations":1,"location":null,"numPassingAsserts":3,"retryReasons":[],"startAt":1770578851409,"status":"passed","title":"should verify valid Apple identity token"},{"ancestorTitles":["AppleTokenVerifierService","verifyIdentityToken"],"duration":38,"failing":false,"failureDetails":[],"failureMessages":[],"fullName":"AppleTokenVerifierService verifyIdentityToken should throw UnauthorizedException for invalid token format","invocations":1,"location":null,"numPassingAsserts":1,"retryReasons":[],"startAt":1770578851412,"status":"passed","title":"should throw UnauthorizedException for invalid token format"},{"ancestorTitles":["AppleTokenVerifierService","verifyIdentityToken"],"duration":1,"failing":false,"failureDetails":[],"failureMessages":[],"fullName":"AppleTokenVerifierService verifyIdentityToken should throw UnauthorizedException for token missing key ID","invocations":1,"location":null,"numPassingAsserts":1,"retryReasons":[],"startAt":1770578851450,"status":"passed","title":"should throw UnauthorizedException for token missing key ID"},{"ancestorTitles":["AppleTokenVerifierService","verifyIdentityToken"],"duration":3,"failing":false,"failureDetails":[],"failureMessages":[],"fullName":"AppleTokenVerifierService verifyIdentityToken should handle audience mismatch with flexible verification","invocations":1,"location":null,"numPassingAsserts":2,"retryReasons":[],"startAt":1770578851451,"status":"passed","title":"should handle audience mismatch with flexible verification"},{"ancestorTitles":["AppleTokenVerifierService","verifyIdentityToken"],"duration":1,"failing":false,"failureDetails":[],"failureMessages":[],"fullName":"AppleTokenVerifierService verifyIdentityToken should throw UnauthorizedException for invalid issuer","invocations":1,"location":null,"numPassingAsserts":1,"retryReasons":[],"startAt":1770578851454,"status":"passed","title":"should throw UnauthorizedException for invalid issuer"}],"endTime":1770578851455,"message":"","name":"/Users/deimos/Workspace/keenvpn/vpn-backend-service-v2/test/unit/auth/apple-token-verifier.service.spec.ts","startTime":1770578850562,"status":"passed","summary":""}],"wasInterrupted":false}
